<?xml version="1.0" encoding="UTF-8"?>
<!-- Generated by org.testng.reporters.JUnitXMLReporter -->
<testsuite ignored="0" hostname="DESKTOP-2CQ29RC" failures="0" tests="4" name="Test2" time="96.695" errors="0" timestamp="2021-11-13T09:14:56 IST">
  <testcase classname="tatasons.tataautomobile.AutomationPractice" name="login" time="7.998"/>
  <testcase classname="tatasons.tataautomobile.AutomationPractice" name="systemuser" time="16.016"/>
  <testcase classname="tatasons.tataautomobile.AutomationPractice" name="add" time="9.569"/>
  <testcase classname="tatasons.tataautomobile.AutomationPractice" name="delete" time="4.459"/>
</testsuite> <!-- Test2 -->
