<?xml version="1.0" encoding="UTF-8"?>
<!-- Generated by org.testng.reporters.JUnitXMLReporter -->
<testsuite ignored="0" hostname="DESKTOP-2CQ29RC" failures="0" tests="4" name="Test1" time="30.238" errors="0" timestamp="2021-11-13T09:13:49 IST">
  <testcase classname="tatasons.tataautomobile.AutomationPractice" name="login" time="9.092"/>
  <testcase classname="tatasons.tataautomobile.AutomationPractice" name="systemuser" time="5.453"/>
  <testcase classname="tatasons.tataautomobile.AutomationPractice" name="add" time="3.458"/>
  <testcase classname="tatasons.tataautomobile.AutomationPractice" name="delete" time="2.494"/>
</testsuite> <!-- Test1 -->
