<?xml version="1.0" encoding="UTF-8"?>
<!-- Generated by org.testng.reporters.JUnitXMLReporter -->
<testsuite ignored="0" hostname="DESKTOP-2CQ29RC" failures="0" tests="4" name="Test" time="0.138" errors="0" timestamp="2021-11-12T08:40:40 IST">
  <testcase classname="tatasons.tataautomobile.AnotherClass" name="morning" time="0.01"/>
  <testcase classname="tatasons.tataautomobile.MytestNgClass" name="m3" time="0.004"/>
  <testcase classname="tatasons.tataautomobile.MytestNgClass" name="m1" time="0.007"/>
  <testcase classname="tatasons.tataautomobile.MytestNgClass" name="m2" time="0.003"/>
</testsuite> <!-- Test -->
