<?xml version="1.0" encoding="UTF-8"?>
<testng-results ignored="0" total="1" passed="1" failed="0" skipped="0">
  <reporter-output>
  </reporter-output>
  <suite started-at="2021-11-14T14:25:45 IST" name="Surefire suite" finished-at="2021-11-14T14:25:45 IST" duration-ms="219">
    <groups>
    </groups>
    <test started-at="2021-11-14T14:25:45 IST" name="Surefire test" finished-at="2021-11-14T14:25:45 IST" duration-ms="219">
      <class name="tatasons.tataautomobile.AppTest">
        <test-method signature="shouldAnswerWithTrue()" started-at="2021-11-14T14:25:45 IST" name="shouldAnswerWithTrue" finished-at="2021-11-14T14:25:45 IST" duration-ms="20" status="PASS">
          <reporter-output>
          </reporter-output>
        </test-method> <!-- shouldAnswerWithTrue -->
      </class> <!-- tatasons.tataautomobile.AppTest -->
    </test> <!-- Surefire test -->
  </suite> <!-- Surefire suite -->
</testng-results>
