<?xml version="1.0" encoding="UTF-8"?>
<testng-results ignored="0" total="2" passed="2" failed="0" skipped="0">
  <reporter-output>
  </reporter-output>
  <suite started-at="2021-11-16T22:53:53 IST" name="Default suite" finished-at="2021-11-16T22:54:26 IST" duration-ms="32759">
    <groups>
    </groups>
    <test started-at="2021-11-16T22:53:53 IST" name="Default test" finished-at="2021-11-16T22:54:26 IST" duration-ms="32759">
      <class name="tatasons.tataautomobile.ExtentReport">
        <test-method is-config="true" signature="setup()[pri:0, instance:tatasons.tataautomobile.ExtentReport@568ff82]" started-at="2021-11-16T22:53:53 IST" name="setup" finished-at="2021-11-16T22:54:07 IST" duration-ms="13410" status="PASS">
          <reporter-output>
          </reporter-output>
        </test-method> <!-- setup -->
        <test-method signature="signup()[pri:1, instance:tatasons.tataautomobile.ExtentReport@568ff82]" started-at="2021-11-16T22:54:07 IST" name="signup" finished-at="2021-11-16T22:54:11 IST" duration-ms="4221" status="PASS">
          <reporter-output>
          </reporter-output>
        </test-method> <!-- signup -->
        <test-method signature="Select()[pri:2, instance:tatasons.tataautomobile.ExtentReport@568ff82]" started-at="2021-11-16T22:54:11 IST" name="Select" finished-at="2021-11-16T22:54:21 IST" duration-ms="10544" status="PASS">
          <reporter-output>
          </reporter-output>
        </test-method> <!-- Select -->
        <test-method is-config="true" signature="teardown()[pri:0, instance:tatasons.tataautomobile.ExtentReport@568ff82]" started-at="2021-11-16T22:54:21 IST" name="teardown" finished-at="2021-11-16T22:54:26 IST" duration-ms="4429" status="PASS">
          <reporter-output>
          </reporter-output>
        </test-method> <!-- teardown -->
      </class> <!-- tatasons.tataautomobile.ExtentReport -->
    </test> <!-- Default test -->
  </suite> <!-- Default suite -->
</testng-results>
